<?xml version="1.0" encoding="UTF-8"?>
<testng-results ignored="0" total="4" passed="4" failed="0" skipped="0">
  <reporter-output>
  </reporter-output>
  <suite started-at="2020-09-10T23:39:48 CEST" name="Suite" finished-at="2020-09-10T23:40:52 CEST" duration-ms="63372">
    <groups>
    </groups>
    <test started-at="2020-09-10T23:39:48 CEST" name="Test1" finished-at="2020-09-10T23:39:48 CEST" duration-ms="13">
    </test> <!-- Test1 -->
    <test started-at="2020-09-10T23:39:48 CEST" name="Test4" finished-at="2020-09-10T23:40:23 CEST" duration-ms="34348">
      <class name="Academy.validateTitle">
        <test-method is-config="true" signature="initialize()[pri:0, instance:Academy.validateTitle@5b529706]" started-at="2020-09-10T23:39:48 CEST" name="initialize" finished-at="2020-09-10T23:40:11 CEST" duration-ms="22461" status="PASS">
          <reporter-output>
          </reporter-output>
        </test-method> <!-- initialize -->
        <test-method signature="basePageNavigation()[pri:0, instance:Academy.validateTitle@5b529706]" started-at="2020-09-10T23:40:11 CEST" name="basePageNavigation" finished-at="2020-09-10T23:40:20 CEST" duration-ms="9257" status="PASS">
          <reporter-output>
          </reporter-output>
        </test-method> <!-- basePageNavigation -->
        <test-method is-config="true" signature="Close()[pri:0, instance:Academy.validateTitle@5b529706]" started-at="2020-09-10T23:40:20 CEST" name="Close" finished-at="2020-09-10T23:40:23 CEST" duration-ms="2615" status="PASS">
          <reporter-output>
          </reporter-output>
        </test-method> <!-- Close -->
      </class> <!-- Academy.validateTitle -->
    </test> <!-- Test4 -->
    <test started-at="2020-09-10T23:39:48 CEST" name="Test2" finished-at="2020-09-10T23:40:25 CEST" duration-ms="36247">
      <class name="Academy.validateNavigationBar">
        <test-method is-config="true" signature="initialize()[pri:0, instance:Academy.validateNavigationBar@235a0c16]" started-at="2020-09-10T23:39:48 CEST" name="initialize" finished-at="2020-09-10T23:40:11 CEST" duration-ms="22640" status="PASS">
          <reporter-output>
          </reporter-output>
        </test-method> <!-- initialize -->
        <test-method signature="basePageNavigation()[pri:0, instance:Academy.validateNavigationBar@235a0c16]" started-at="2020-09-10T23:40:11 CEST" name="basePageNavigation" finished-at="2020-09-10T23:40:20 CEST" duration-ms="8896" status="PASS">
          <reporter-output>
          </reporter-output>
        </test-method> <!-- basePageNavigation -->
        <test-method is-config="true" signature="Close()[pri:0, instance:Academy.validateNavigationBar@235a0c16]" started-at="2020-09-10T23:40:20 CEST" name="Close" finished-at="2020-09-10T23:40:25 CEST" duration-ms="4696" status="PASS">
          <reporter-output>
          </reporter-output>
        </test-method> <!-- Close -->
      </class> <!-- Academy.validateNavigationBar -->
    </test> <!-- Test2 -->
    <test started-at="2020-09-10T23:39:48 CEST" name="Test3" finished-at="2020-09-10T23:40:52 CEST" duration-ms="63372">
      <class name="Academy.HomePage">
        <test-method signature="basePageNavigation(java.lang.String, java.lang.String, java.lang.String, java.lang.String)[pri:0, instance:Academy.HomePage@781f10f2]" started-at="2020-09-10T23:39:49 CEST" name="basePageNavigation" data-provider="getData" finished-at="2020-09-10T23:40:29 CEST" duration-ms="40793" status="PASS">
          <params>
            <param index="0">
              <value>
                <![CDATA[akakkaakkaka@gmail.comm]]>
              </value>
            </param>
            <param index="1">
              <value>
                <![CDATA[12345]]>
              </value>
            </param>
            <param index="2">
              <value>
                <![CDATA[Restricted User]]>
              </value>
            </param>
            <param index="3">
              <value>
                <![CDATA[Pizza de Jamon]]>
              </value>
            </param>
          </params>
          <reporter-output>
          </reporter-output>
        </test-method> <!-- basePageNavigation -->
        <test-method signature="basePageNavigation(java.lang.String, java.lang.String, java.lang.String, java.lang.String)[pri:0, instance:Academy.HomePage@781f10f2]" started-at="2020-09-10T23:40:29 CEST" name="basePageNavigation" data-provider="getData" finished-at="2020-09-10T23:40:52 CEST" duration-ms="22470" status="PASS">
          <params>
            <param index="0">
              <value>
                <![CDATA[pizza@gmail.comm]]>
              </value>
            </param>
            <param index="1">
              <value>
                <![CDATA[12345]]>
              </value>
            </param>
            <param index="2">
              <value>
                <![CDATA[Non Restricted User]]>
              </value>
            </param>
            <param index="3">
              <value>
                <![CDATA[Pizza de Queso]]>
              </value>
            </param>
          </params>
          <reporter-output>
          </reporter-output>
        </test-method> <!-- basePageNavigation -->
      </class> <!-- Academy.HomePage -->
    </test> <!-- Test3 -->
  </suite> <!-- Suite -->
</testng-results>
